Using pre-set license
Built from '2020.3/staging' branch; Version is '2020.3.16f1 (049d6eca3c44) revision 302446'; Using compiler version '192528614'; Build Type 'Release'
OS: 'Windows 10 Pro; OS build 19043.1237; Version 2009; 64bit' Language: 'ko' Physical Memory: 8059 MB
BatchMode: 1, IsHumanControllingUs: 0, StartBugReporterOnCrash: 0, Is64bit: 1, IsPro: 0

 COMMAND LINE ARGUMENTS:
C:\Program Files\Unity\Editor\Unity.exe
-adb2
-batchMode
-noUpm
-name
AssetImportWorker0
-projectPath
C:/Users/yhJung/Desktop/sparta_roket/20211006_Dbounce
-logFile
Logs/AssetImportWorker0.log
-srvPort
65278
Successfully changed project path to: C:/Users/yhJung/Desktop/sparta_roket/20211006_Dbounce
C:/Users/yhJung/Desktop/sparta_roket/20211006_Dbounce
Using Asset Import Pipeline V2.
Refreshing native plugins compatible for Editor in 38.39 ms, found 3 plugins.
Preloading 0 native plugins for Editor in 0.00 ms.
Initialize engine version: 2020.3.16f1 (049d6eca3c44)
[Subsystems] Discovering subsystems at path C:/Program Files/Unity/Editor/Data/Resources/UnitySubsystems
[Subsystems] Discovering subsystems at path C:/Users/yhJung/Desktop/sparta_roket/20211006_Dbounce/Assets
GfxDevice: creating device client; threaded=0
Direct3D:
    Version:  Direct3D 11.0 [level 11.1]
    Renderer: NVIDIA GeForce GTX 1650 Ti (ID=0x1f95)
    Vendor:   
    VRAM:     3962 MB
    Driver:   27.21.14.6230
Initialize mono
Mono path[0] = 'C:/Program Files/Unity/Editor/Data/Managed'
Mono path[1] = 'C:/Program Files/Unity/Editor/Data/MonoBleedingEdge/lib/mono/unityjit'
Mono config path = 'C:/Program Files/Unity/Editor/Data/MonoBleedingEdge/etc'
Using monoOptions --debugger-agent=transport=dt_socket,embedding=1,server=y,suspend=n,address=127.0.0.1:56968
Begin MonoManager ReloadAssembly
Registering precompiled unity dll's ...
Register platform support module: C:/Program Files/Unity/Editor/Data/PlaybackEngines/WindowsStandaloneSupport/UnityEditor.WindowsStandalone.Extensions.dll
Registered in 0.001430 seconds.
Native extension for WindowsStandalone target not found
Refreshing native plugins compatible for Editor in 35.77 ms, found 3 plugins.
Preloading 0 native plugins for Editor in 0.00 ms.
Mono: successfully reloaded assembly
- Completed reload, in  1.315 seconds
Domain Reload Profiling:
	ReloadAssembly (1315ms)
		BeginReloadAssembly (47ms)
			ExecutionOrderSort (0ms)
			DisableScriptedObjects (0ms)
			BackupInstance (0ms)
			ReleaseScriptingObjects (0ms)
			CreateAndSetChildDomain (1ms)
		EndReloadAssembly (454ms)
			LoadAssemblies (46ms)
			RebuildTransferFunctionScriptingTraits (0ms)
			SetupTypeCache (184ms)
			ReleaseScriptCaches (0ms)
			RebuildScriptCaches (31ms)
			SetupLoadedEditorAssemblies (146ms)
				LogAssemblyErrors (0ms)
				InitializePlatformSupportModulesInManaged (3ms)
				SetLoadedEditorAssemblies (0ms)
				RefreshPlugins (36ms)
				BeforeProcessingInitializeOnLoad (14ms)
				ProcessInitializeOnLoadAttributes (67ms)
				ProcessInitializeOnLoadMethodAttributes (25ms)
				AfterProcessingInitializeOnLoad (0ms)
				EditorAssembliesLoaded (0ms)
			ExecutionOrderSort2 (0ms)
			AwakeInstancesAfterBackupRestoration (0ms)
Platform modules already initialized, skipping
Registering precompiled user dll's ...
Registered in 0.002955 seconds.
Begin MonoManager ReloadAssembly
Native extension for WindowsStandalone target not found
Refreshing native plugins compatible for Editor in 33.43 ms, found 3 plugins.
Preloading 0 native plugins for Editor in 0.00 ms.
Mono: successfully reloaded assembly
- Completed reload, in  1.026 seconds
Domain Reload Profiling:
	ReloadAssembly (1027ms)
		BeginReloadAssembly (123ms)
			ExecutionOrderSort (0ms)
			DisableScriptedObjects (4ms)
			BackupInstance (0ms)
			ReleaseScriptingObjects (0ms)
			CreateAndSetChildDomain (17ms)
		EndReloadAssembly (852ms)
			LoadAssemblies (80ms)
			RebuildTransferFunctionScriptingTraits (0ms)
			SetupTypeCache (268ms)
			ReleaseScriptCaches (0ms)
			RebuildScriptCaches (39ms)
			SetupLoadedEditorAssemblies (360ms)
				LogAssemblyErrors (0ms)
				InitializePlatformSupportModulesInManaged (3ms)
				SetLoadedEditorAssemblies (0ms)
				RefreshPlugins (33ms)
				BeforeProcessingInitializeOnLoad (67ms)
				ProcessInitializeOnLoadAttributes (240ms)
				ProcessInitializeOnLoadMethodAttributes (12ms)
				AfterProcessingInitializeOnLoad (5ms)
				EditorAssembliesLoaded (0ms)
			ExecutionOrderSort2 (0ms)
			AwakeInstancesAfterBackupRestoration (6ms)
Platform modules already initialized, skipping
========================================================================
Worker process is ready to serve import requests
Launched and connected shader compiler UnityShaderCompiler.exe after 0.06 seconds
Refreshing native plugins compatible for Editor in 0.60 ms, found 3 plugins.
Preloading 0 native plugins for Editor in 0.00 ms.
Unloading 2114 Unused Serialized files (Serialized files now loaded: 0)
System memory in use before: 95.4 MB.
System memory in use after: 95.4 MB.

Unloading 28 unused Assets to reduce memory usage. Loaded Objects now: 2550.
Total: 3.040100 ms (FindLiveObjects: 0.199600 ms CreateObjectMapping: 0.077700 ms MarkObjects: 2.659200 ms  DeleteObjects: 0.102900 ms)

AssetImportParameters requested are different than current active one (requested -> active):
  custom:framework-win-MediaFoundation: 216162199b28c13a410421893ffa2e32 -> 
  custom:video-decoder-ogg-theora: a1e56fd34408186e4bbccfd4996cb3dc -> 
  custom:container-muxer-webm: aa71ff27fc2769a1b78a27578f13a17b -> 
  custom:container-demuxer-webm: 4f35f7cbe854078d1ac9338744f61a02 -> 
  custom:container-demuxer-ogg: 62fdf1f143b41e24485cea50d1cbac27 -> 
  custom:video-encoder-webm-vp8: eb34c28f22e8b96e1ab97ce403110664 -> 
  custom:video-decoder-webm-vp8: 9c59270c3fd7afecdb556c50c9e8de78 -> 
  custom:audio-decoder-ogg-vorbis: bf7c407c2cedff20999df2af8eb42d56 -> 
  custom:audio-encoder-webm-vorbis: bf7c407c2cedff20999df2af8eb42d56 -> 
========================================================================
Received Import Request.
  path: Assets/KakaoTalk_20210930_022913087_01.png
  artifactKey: Guid(dc71169446c08cb43a004aa3e71fe0bd) Importer(815301076,1909f56bfc062723c751e8b465ee728b)
Start importing Assets/KakaoTalk_20210930_022913087_01.png using Guid(dc71169446c08cb43a004aa3e71fe0bd) Importer(815301076,1909f56bfc062723c751e8b465ee728b)  -> (artifact id: '70f788dbb9d6249be7646e7fa47d7cdf') in 0.088942 seconds 
  Import took 0.092194 seconds .

========================================================================
Received Import Request.
  Time since last request: 0.000128 seconds.
  path: Assets/New TMP Color Gradient.asset
  artifactKey: Guid(fa58a041afe597c4aa7e47e2ffaa40ab) Importer(815301076,1909f56bfc062723c751e8b465ee728b)
Start importing Assets/New TMP Color Gradient.asset using Guid(fa58a041afe597c4aa7e47e2ffaa40ab) Importer(815301076,1909f56bfc062723c751e8b465ee728b)  -> (artifact id: '2b24daea9d6a723b9d252ae7ad21d8f6') in 0.008718 seconds 
  Import took 0.012034 seconds .

========================================================================
Received Import Request.
  Time since last request: 0.000267 seconds.
  path: Assets/bounciness.physicsMaterial2D
  artifactKey: Guid(edd5213bd1b516f47ad59a92f9a742c2) Importer(815301076,1909f56bfc062723c751e8b465ee728b)
Start importing Assets/bounciness.physicsMaterial2D using Guid(edd5213bd1b516f47ad59a92f9a742c2) Importer(815301076,1909f56bfc062723c751e8b465ee728b)  -> (artifact id: 'd7490dc299b6a3550951e6191c7399cf') in 0.009581 seconds 
  Import took 0.013693 seconds .

========================================================================
Received Import Request.
  Time since last request: 0.000226 seconds.
  path: Assets/bg1.png
  artifactKey: Guid(7f2f9d2949f201045b5e0c848bf33ab4) Importer(815301076,1909f56bfc062723c751e8b465ee728b)
Start importing Assets/bg1.png using Guid(7f2f9d2949f201045b5e0c848bf33ab4) Importer(815301076,1909f56bfc062723c751e8b465ee728b)  -> (artifact id: 'f9e18696a1ae2e9d1554d4ea81cffd2b') in 0.048769 seconds 
  Import took 0.051792 seconds .

========================================================================
Received Import Request.
  Time since last request: 0.000130 seconds.
  path: Assets/MainMixer.mixer
  artifactKey: Guid(efe745c34d8c998418da450c799ea530) Importer(815301076,1909f56bfc062723c751e8b465ee728b)
Start importing Assets/MainMixer.mixer using Guid(efe745c34d8c998418da450c799ea530) Importer(815301076,1909f56bfc062723c751e8b465ee728b)  -> (artifact id: 'dc174492c3c8903bb054d25e3a59aa2b') in 0.007563 seconds 
  Import took 0.011796 seconds .

========================================================================
Received Import Request.
  Time since last request: 0.000171 seconds.
  path: Assets/EventSystem.prefab
  artifactKey: Guid(536b3eba6a64daf479254472976c9c56) Importer(815301076,1909f56bfc062723c751e8b465ee728b)
Start importing Assets/EventSystem.prefab using Guid(536b3eba6a64daf479254472976c9c56) Importer(815301076,1909f56bfc062723c751e8b465ee728b)  -> (artifact id: '06758b252b79d59f573e824e82beac67') in 0.023405 seconds 
  Import took 0.026708 seconds .

========================================================================
Received Import Request.
  Time since last request: 0.000256 seconds.
  path: Assets/bg3.png
  artifactKey: Guid(0cd16c251dc200242be51b5c24d1cdec) Importer(815301076,1909f56bfc062723c751e8b465ee728b)
Start importing Assets/bg3.png using Guid(0cd16c251dc200242be51b5c24d1cdec) Importer(815301076,1909f56bfc062723c751e8b465ee728b)  -> (artifact id: '49d97ba9e21a58a71886868de9ca3fab') in 0.034794 seconds 
  Import took 0.037851 seconds .

========================================================================
Received Import Request.
  Time since last request: 0.000321 seconds.
  path: Assets/bg_main.png
  artifactKey: Guid(8ea530cdd2aefff4e9b29a21b494ed76) Importer(815301076,1909f56bfc062723c751e8b465ee728b)
Start importing Assets/bg_main.png using Guid(8ea530cdd2aefff4e9b29a21b494ed76) Importer(815301076,1909f56bfc062723c751e8b465ee728b)  -> (artifact id: '282e902c1ef4f3f21fc9f2bd6dbe12a7') in 0.026493 seconds 
  Import took 0.029345 seconds .

========================================================================
Received Import Request.
  Time since last request: 0.000127 seconds.
  path: Assets/bg2.png
  artifactKey: Guid(0001f50988bb3e24b8b7a10858ff6b44) Importer(815301076,1909f56bfc062723c751e8b465ee728b)
Start importing Assets/bg2.png using Guid(0001f50988bb3e24b8b7a10858ff6b44) Importer(815301076,1909f56bfc062723c751e8b465ee728b)  -> (artifact id: '369d1284023e1a2404b9e8bea976a0ef') in 0.023415 seconds 
  Import took 0.027052 seconds .

========================================================================
Received Import Request.
  Time since last request: 0.000450 seconds.
  path: Assets/New Material.mat
  artifactKey: Guid(8e9351c7d9114014fb2329c574ca92bf) Importer(815301076,1909f56bfc062723c751e8b465ee728b)
Start importing Assets/New Material.mat using Guid(8e9351c7d9114014fb2329c574ca92bf) Importer(815301076,1909f56bfc062723c751e8b465ee728b)  -> (artifact id: '57650155676a6013b1a602bd65dc5034') in 0.075577 seconds 
  Import took 0.078657 seconds .

========================================================================
Received Import Request.
  Time since last request: 0.000146 seconds.
  path: Assets/KakaoTalk_20210930_022913087_02.png
  artifactKey: Guid(8aa49f01d19f81749aa1575de5053145) Importer(815301076,1909f56bfc062723c751e8b465ee728b)
Start importing Assets/KakaoTalk_20210930_022913087_02.png using Guid(8aa49f01d19f81749aa1575de5053145) Importer(815301076,1909f56bfc062723c751e8b465ee728b)  -> (artifact id: '21d3441e7ebeef4fdfc0fb833dd928a0') in 0.017465 seconds 
  Import took 0.022057 seconds .

========================================================================
Received Import Request.
  Time since last request: 41.896631 seconds.
  path: Assets/Scenes
  artifactKey: Guid(ee815eac9b707644386d616fee5b5cbb) Importer(815301076,1909f56bfc062723c751e8b465ee728b)
Start importing Assets/Scenes using Guid(ee815eac9b707644386d616fee5b5cbb) Importer(815301076,1909f56bfc062723c751e8b465ee728b)  -> (artifact id: 'e71c7504ac58ede70fba3c07122de2bc') in 0.005498 seconds 
  Import took 0.008956 seconds .

========================================================================
Received Import Request.
  Time since last request: 0.008534 seconds.
  path: Assets/Scenes
  artifactKey: Guid(ee815eac9b707644386d616fee5b5cbb) Importer(815301076,1909f56bfc062723c751e8b465ee728b)
Start importing Assets/Scenes using Guid(ee815eac9b707644386d616fee5b5cbb) Importer(815301076,1909f56bfc062723c751e8b465ee728b)  -> (artifact id: 'e71c7504ac58ede70fba3c07122de2bc') in 0.002438 seconds 
  Import took 0.006718 seconds .

========================================================================
Received Import Request.
  Time since last request: 1.465739 seconds.
  path: Assets/Scenes/Game.unity
  artifactKey: Guid(2cda990e2423bbf4892e6590ba056729) Importer(815301076,1909f56bfc062723c751e8b465ee728b)
Start importing Assets/Scenes/Game.unity using Guid(2cda990e2423bbf4892e6590ba056729) Importer(815301076,1909f56bfc062723c751e8b465ee728b)  -> (artifact id: '03947dd73c8a72ba50c684e124ad0239') in 0.006848 seconds 
  Import took 0.012999 seconds .

========================================================================
Received Import Request.
  Time since last request: 1.437079 seconds.
  path: Assets/Scenes/Gameover.unity
  artifactKey: Guid(ff72edee103c313478c8a344dd66971f) Importer(815301076,1909f56bfc062723c751e8b465ee728b)
Start importing Assets/Scenes/Gameover.unity using Guid(ff72edee103c313478c8a344dd66971f) Importer(815301076,1909f56bfc062723c751e8b465ee728b)  -> (artifact id: '46acb748ad64b564131402e201209789') in 0.007726 seconds 
  Import took 0.012111 seconds .

========================================================================
Received Import Request.
  Time since last request: 1.117214 seconds.
  path: Assets/Scenes/Menu.unity
  artifactKey: Guid(618f204200c5ab249a92e72fd6e992dc) Importer(815301076,1909f56bfc062723c751e8b465ee728b)
Start importing Assets/Scenes/Menu.unity using Guid(618f204200c5ab249a92e72fd6e992dc) Importer(815301076,1909f56bfc062723c751e8b465ee728b)  -> (artifact id: 'd6777f9599453f8d5ddf5d48e55b475e') in 0.006645 seconds 
  Import took 0.011019 seconds .

